Using pre-set license
Built from '2022.3/staging' branch; Version is '2022.3.9f1 (ea401c316338) revision 15351836'; Using compiler version '192829333'; Build Type 'Release'
OS: 'Windows 11  (10.0.22621) 64bit Core' Language: 'en' Physical Memory: 32693 MB
BatchMode: 1, IsHumanControllingUs: 0, StartBugReporterOnCrash: 0, Is64bit: 1, IsPro: 1

COMMAND LINE ARGUMENTS:
C:\Program Files\Unity\Hub\Editor\2022.3.9f1\Editor\Unity.exe
-adb2
-batchMode
-noUpm
-name
AssetImportWorker0
-projectPath
C:/Users/utapr/Documents/GitHub/DesignPP/DesignPatternProject
-logFile
Logs/AssetImportWorker0.log
-srvPort
58715
Successfully changed project path to: C:/Users/utapr/Documents/GitHub/DesignPP/DesignPatternProject
C:/Users/utapr/Documents/GitHub/DesignPP/DesignPatternProject
[UnityMemory] Configuration Parameters - Can be set up in boot.config
    "memorysetup-bucket-allocator-granularity=16"
    "memorysetup-bucket-allocator-bucket-count=8"
    "memorysetup-bucket-allocator-block-size=33554432"
    "memorysetup-bucket-allocator-block-count=8"
    "memorysetup-main-allocator-block-size=16777216"
    "memorysetup-thread-allocator-block-size=16777216"
    "memorysetup-gfx-main-allocator-block-size=16777216"
    "memorysetup-gfx-thread-allocator-block-size=16777216"
    "memorysetup-cache-allocator-block-size=4194304"
    "memorysetup-typetree-allocator-block-size=2097152"
    "memorysetup-profiler-bucket-allocator-granularity=16"
    "memorysetup-profiler-bucket-allocator-bucket-count=8"
    "memorysetup-profiler-bucket-allocator-block-size=33554432"
    "memorysetup-profiler-bucket-allocator-block-count=8"
    "memorysetup-profiler-allocator-block-size=16777216"
    "memorysetup-profiler-editor-allocator-block-size=1048576"
    "memorysetup-temp-allocator-size-main=16777216"
    "memorysetup-job-temp-allocator-block-size=2097152"
    "memorysetup-job-temp-allocator-block-size-background=1048576"
    "memorysetup-job-temp-allocator-reduction-small-platforms=262144"
    "memorysetup-allocator-temp-initial-block-size-main=262144"
    "memorysetup-allocator-temp-initial-block-size-worker=262144"
    "memorysetup-temp-allocator-size-background-worker=32768"
    "memorysetup-temp-allocator-size-job-worker=262144"
    "memorysetup-temp-allocator-size-preload-manager=33554432"
    "memorysetup-temp-allocator-size-nav-mesh-worker=65536"
    "memorysetup-temp-allocator-size-audio-worker=65536"
    "memorysetup-temp-allocator-size-cloud-worker=32768"
    "memorysetup-temp-allocator-size-gi-baking-worker=262144"
    "memorysetup-temp-allocator-size-gfx=262144"
Player connection [41284] Host "[IP] 192.168.0.7 [Port] 0 [Flags] 2 [Guid] 2794627813 [EditorId] 2794627813 [Version] 1048832 [Id] WindowsEditor(7,Alienware) [Debug] 1 [PackageName] WindowsEditor [ProjectName] Editor" joined multi-casting on [225.0.0.222:54997]...

Player connection [41284] Host "[IP] 192.168.0.7 [Port] 0 [Flags] 2 [Guid] 2794627813 [EditorId] 2794627813 [Version] 1048832 [Id] WindowsEditor(7,Alienware) [Debug] 1 [PackageName] WindowsEditor [ProjectName] Editor" joined alternative multi-casting on [225.0.0.222:34997]...

[Physics::Module] Initialized MultithreadedJobDispatcher with 23 workers.
Refreshing native plugins compatible for Editor in 7.57 ms, found 3 plugins.
Preloading 0 native plugins for Editor in 0.00 ms.
Initialize engine version: 2022.3.9f1 (ea401c316338)
[Subsystems] Discovering subsystems at path C:/Program Files/Unity/Hub/Editor/2022.3.9f1/Editor/Data/Resources/UnitySubsystems
[Subsystems] Discovering subsystems at path C:/Users/utapr/Documents/GitHub/DesignPP/DesignPatternProject/Assets
GfxDevice: creating device client; threaded=0; jobified=0
Direct3D:
    Version:  Direct3D 11.0 [level 11.1]
    Renderer: NVIDIA GeForce RTX 3080 (ID=0x2216)
    Vendor:   NVIDIA
    VRAM:     10067 MB
    Driver:   31.0.15.3619
Initialize mono
Mono path[0] = 'C:/Program Files/Unity/Hub/Editor/2022.3.9f1/Editor/Data/Managed'
Mono path[1] = 'C:/Program Files/Unity/Hub/Editor/2022.3.9f1/Editor/Data/MonoBleedingEdge/lib/mono/unityjit-win32'
Mono config path = 'C:/Program Files/Unity/Hub/Editor/2022.3.9f1/Editor/Data/MonoBleedingEdge/etc'
Using monoOptions --debugger-agent=transport=dt_socket,embedding=1,server=y,suspend=n,address=127.0.0.1:56260
Begin MonoManager ReloadAssembly
Registering precompiled unity dll's ...
Register platform support module: C:/Program Files/Unity/Hub/Editor/2022.3.9f1/Editor/Data/PlaybackEngines/WebGLSupport/UnityEditor.WebGL.Extensions.dll
Register platform support module: C:/Program Files/Unity/Hub/Editor/2022.3.9f1/Editor/Data/PlaybackEngines/WindowsStandaloneSupport/UnityEditor.WindowsStandalone.Extensions.dll
Registered in 0.008714 seconds.
- Loaded All Assemblies, in  0.299 seconds
Native extension for WindowsStandalone target not found
Native extension for WebGL target not found
Mono: successfully reloaded assembly
- Finished resetting the current domain, in  0.204 seconds
Domain Reload Profiling: 501ms
	BeginReloadAssembly (102ms)
		ExecutionOrderSort (0ms)
		DisableScriptedObjects (0ms)
		BackupInstance (0ms)
		ReleaseScriptingObjects (0ms)
		CreateAndSetChildDomain (1ms)
	RebuildCommonClasses (26ms)
	RebuildNativeTypeToScriptingClass (8ms)
	initialDomainReloadingComplete (51ms)
	LoadAllAssembliesAndSetupDomain (109ms)
		LoadAssemblies (99ms)
		RebuildTransferFunctionScriptingTraits (0ms)
		AnalyzeDomain (107ms)
			TypeCache.Refresh (106ms)
				TypeCache.ScanAssembly (96ms)
			ScanForSourceGeneratedMonoScriptInfo (0ms)
			ResolveRequiredComponents (0ms)
	FinalizeReload (205ms)
		ReleaseScriptCaches (0ms)
		RebuildScriptCaches (0ms)
		SetupLoadedEditorAssemblies (155ms)
			LogAssemblyErrors (0ms)
			InitializePlatformSupportModulesInManaged (10ms)
			SetLoadedEditorAssemblies (5ms)
			RefreshPlugins (0ms)
			BeforeProcessingInitializeOnLoad (2ms)
			ProcessInitializeOnLoadAttributes (101ms)
			ProcessInitializeOnLoadMethodAttributes (37ms)
			AfterProcessingInitializeOnLoad (0ms)
			EditorAssembliesLoaded (0ms)
		ExecutionOrderSort2 (0ms)
		AwakeInstancesAfterBackupRestoration (0ms)
========================================================================
Worker process is ready to serve import requests
Begin MonoManager ReloadAssembly
- Loaded All Assemblies, in  0.563 seconds
Refreshing native plugins compatible for Editor in 3.66 ms, found 3 plugins.
Native extension for WindowsStandalone target not found
Native extension for WebGL target not found
Package Manager log level set to [2]
[Package Manager] Server::EnsureServerProcessIsRunning -- launch failed, reason: Unity was launched with the -noUpm command-line argument
[Package Manager] UpmClient::Send -- Unable to send message (not connected to UPM process).
[Package Manager] Cannot connect to Unity Package Manager local server
Mono: successfully reloaded assembly
- Finished resetting the current domain, in  0.565 seconds
Domain Reload Profiling: 1125ms
	BeginReloadAssembly (133ms)
		ExecutionOrderSort (0ms)
		DisableScriptedObjects (4ms)
		BackupInstance (0ms)
		ReleaseScriptingObjects (0ms)
		CreateAndSetChildDomain (25ms)
	RebuildCommonClasses (33ms)
	RebuildNativeTypeToScriptingClass (11ms)
	initialDomainReloadingComplete (34ms)
	LoadAllAssembliesAndSetupDomain (348ms)
		LoadAssemblies (295ms)
		RebuildTransferFunctionScriptingTraits (0ms)
		AnalyzeDomain (129ms)
			TypeCache.Refresh (112ms)
				TypeCache.ScanAssembly (101ms)
			ScanForSourceGeneratedMonoScriptInfo (13ms)
			ResolveRequiredComponents (3ms)
	FinalizeReload (565ms)
		ReleaseScriptCaches (0ms)
		RebuildScriptCaches (0ms)
		SetupLoadedEditorAssemblies (428ms)
			LogAssemblyErrors (0ms)
			InitializePlatformSupportModulesInManaged (8ms)
			SetLoadedEditorAssemblies (3ms)
			RefreshPlugins (0ms)
			BeforeProcessingInitializeOnLoad (73ms)
			ProcessInitializeOnLoadAttributes (319ms)
			ProcessInitializeOnLoadMethodAttributes (16ms)
			AfterProcessingInitializeOnLoad (8ms)
			EditorAssembliesLoaded (0ms)
		ExecutionOrderSort2 (0ms)
		AwakeInstancesAfterBackupRestoration (5ms)
Launched and connected shader compiler UnityShaderCompiler.exe after 0.06 seconds
Refreshing native plugins compatible for Editor in 3.63 ms, found 3 plugins.
Preloading 0 native plugins for Editor in 0.00 ms.
Unloading 3136 Unused Serialized files (Serialized files now loaded: 0)
Unloading 31 unused Assets / (56.4 KB). Loaded Objects now: 3599.
Memory consumption went from 120.1 MB to 120.0 MB.
Total: 3.946900 ms (FindLiveObjects: 0.284200 ms CreateObjectMapping: 0.178600 ms MarkObjects: 3.386900 ms  DeleteObjects: 0.096300 ms)

AssetImportParameters requested are different than current active one (requested -> active):
  custom:container-demuxer-ogg: 62fdf1f143b41e24485cea50d1cbac27 -> 
  custom:video-codec-MediaFoundation-h265: 746d11721c4dcdbdad8f713fa42b33f4 -> 
  custom:video-decoder-ogg-theora: a1e56fd34408186e4bbccfd4996cb3dc -> 
  custom:framework-win-MediaFoundation: 216162199b28c13a410421893ffa2e32 -> 
  custom:CustomObjectIndexerAttribute: 756ad292c208cfabdd7b50bc23989ffe -> 
  custom:container-demuxer-webm: 4f35f7cbe854078d1ac9338744f61a02 -> 
  custom:container-muxer-webm: aa71ff27fc2769a1b78a27578f13a17b -> 
  custom:video-decoder-webm-vp8: 9c59270c3fd7afecdb556c50c9e8de78 -> 
  custom:SearchIndexIgnoredProperties: e643bd26f0fe6173181afceb89e7c659 -> 
  custom:AudioImporter_EditorPlatform: d09bf68614088b80899f8185d706f6e7 -> 
  custom:video-encoder-webm-vp8: eb34c28f22e8b96e1ab97ce403110664 -> 
  custom:audio-decoder-ogg-vorbis: bf7c407c2cedff20999df2af8eb42d56 -> 
  custom:audio-encoder-webm-vorbis: bf7c407c2cedff20999df2af8eb42d56 -> 
========================================================================
Received Import Request.
  Time since last request: 790065.344175 seconds.
  path: Assets/Prefabs/PlayerHeavy.prefab
  artifactKey: Guid(7faaebc47fc5af246808904aafd7b27c) Importer(815301076,1909f56bfc062723c751e8b465ee728b)
Start importing Assets/Prefabs/PlayerHeavy.prefab using Guid(7faaebc47fc5af246808904aafd7b27c) Importer(815301076,1909f56bfc062723c751e8b465ee728b)  -> (artifact id: '7cc5664bac880a053c099b8e771c6ae1') in 0.088611 seconds
Number of updated asset objects reloaded before import = 0
Number of asset objects unloaded after import = 10
========================================================================
Received Import Request.
  Time since last request: 39.168024 seconds.
  path: Assets/Prefabs/Knight.fbx
  artifactKey: Guid(e3f36df098bcd9245b8c2940eea0b503) Importer(815301076,1909f56bfc062723c751e8b465ee728b)
Start importing Assets/Prefabs/Knight.fbx using Guid(e3f36df098bcd9245b8c2940eea0b503) Importer(815301076,1909f56bfc062723c751e8b465ee728b)  -> (artifact id: 'b2f36ab9be36833bcd08c8a77ebd5ba6') in 0.153098 seconds
Number of updated asset objects reloaded before import = 0
Number of asset objects unloaded after import = 110
========================================================================
Received Import Request.
  Time since last request: 21.466044 seconds.
  path: Assets/Prefabs/model.obj
  artifactKey: Guid(555f15a1fe17442449675319d79fbec0) Importer(815301076,1909f56bfc062723c751e8b465ee728b)
Start importing Assets/Prefabs/model.obj using Guid(555f15a1fe17442449675319d79fbec0) Importer(815301076,1909f56bfc062723c751e8b465ee728b)  -> (artifact id: '9d6a1c447b15a18d50bd573433305f0c') in 0.095644 seconds
Number of updated asset objects reloaded before import = 0
Number of asset objects unloaded after import = 33
========================================================================
Received Import Request.
  Time since last request: 1.536779 seconds.
  path: Assets/Prefabs/materials.mtl
  artifactKey: Guid(8e245bd763c29c141bcb89b26abfcc86) Importer(815301076,1909f56bfc062723c751e8b465ee728b)
Start importing Assets/Prefabs/materials.mtl using Guid(8e245bd763c29c141bcb89b26abfcc86) Importer(815301076,1909f56bfc062723c751e8b465ee728b)  -> (artifact id: '6f861bf8b296124d9332752aa86f7129') in 0.000914 seconds
Number of updated asset objects reloaded before import = 0
Number of asset objects unloaded after import = 1
========================================================================
Received Import Request.
  Time since last request: 15.087647 seconds.
  path: Assets/Prefabs/Goblin.fbx
  artifactKey: Guid(3c23c2c173cf7d44298a311361a054be) Importer(815301076,1909f56bfc062723c751e8b465ee728b)
Start importing Assets/Prefabs/Goblin.fbx using Guid(3c23c2c173cf7d44298a311361a054be) Importer(815301076,1909f56bfc062723c751e8b465ee728b)  -> (artifact id: 'fc617827e3d229b40ac41b972d870bbf') in 0.034920 seconds
Number of updated asset objects reloaded before import = 0
Number of asset objects unloaded after import = 52
========================================================================
Received Import Request.
  Time since last request: 12.872821 seconds.
  path: Assets/Prefabs/Skeleton.fbx
  artifactKey: Guid(d5391dba0b99b4549b580e0d3d31240d) Importer(815301076,1909f56bfc062723c751e8b465ee728b)
Start importing Assets/Prefabs/Skeleton.fbx using Guid(d5391dba0b99b4549b580e0d3d31240d) Importer(815301076,1909f56bfc062723c751e8b465ee728b)  -> (artifact id: '13de15e0461634f27b17934e5dddd42b') in 0.031348 seconds
Number of updated asset objects reloaded before import = 0
Number of asset objects unloaded after import = 50
========================================================================
Received Import Request.
  Time since last request: 15.101870 seconds.
  path: Assets/Prefabs/TestHeavy.prefab
  artifactKey: Guid(8695298a8c6288548a76594c1e743f44) Importer(815301076,1909f56bfc062723c751e8b465ee728b)
Start importing Assets/Prefabs/TestHeavy.prefab using Guid(8695298a8c6288548a76594c1e743f44) Importer(815301076,1909f56bfc062723c751e8b465ee728b)  -> (artifact id: '26f9c2ce858b2d2240906d7edcf798e8') in 0.012450 seconds
Number of updated asset objects reloaded before import = 0
Number of asset objects unloaded after import = 96
========================================================================
Received Import Request.
  Time since last request: 10.455370 seconds.
  path: Assets/Prefabs/TestHeavy.prefab
  artifactKey: Guid(8695298a8c6288548a76594c1e743f44) Importer(815301076,1909f56bfc062723c751e8b465ee728b)
Start importing Assets/Prefabs/TestHeavy.prefab using Guid(8695298a8c6288548a76594c1e743f44) Importer(815301076,1909f56bfc062723c751e8b465ee728b)  -> (artifact id: '1fb073f409db1d60ad786238381eba82') in 0.010087 seconds
Number of updated asset objects reloaded before import = 0
Number of asset objects unloaded after import = 10
========================================================================
Received Import Request.
  Time since last request: 2.279437 seconds.
  path: Assets/Prefabs/TestHeavy.prefab
  artifactKey: Guid(8695298a8c6288548a76594c1e743f44) Importer(815301076,1909f56bfc062723c751e8b465ee728b)
Start importing Assets/Prefabs/TestHeavy.prefab using Guid(8695298a8c6288548a76594c1e743f44) Importer(815301076,1909f56bfc062723c751e8b465ee728b)  -> (artifact id: '2c405dc0f19a357f09f354835b882c5a') in 0.013036 seconds
Number of updated asset objects reloaded before import = 0
Number of asset objects unloaded after import = 96
========================================================================
Received Import Request.
  Time since last request: 14.856309 seconds.
  path: Assets/Prefabs/TestHeavy.prefab
  artifactKey: Guid(8695298a8c6288548a76594c1e743f44) Importer(815301076,1909f56bfc062723c751e8b465ee728b)
Start importing Assets/Prefabs/TestHeavy.prefab using Guid(8695298a8c6288548a76594c1e743f44) Importer(815301076,1909f56bfc062723c751e8b465ee728b)  -> (artifact id: 'c8fa33af538c633594b3d693c517656c') in 0.011020 seconds
Number of updated asset objects reloaded before import = 0
Number of asset objects unloaded after import = 96
========================================================================
Received Import Request.
  Time since last request: 15.891833 seconds.
  path: Assets/Prefabs/TestHeavy.prefab
  artifactKey: Guid(8695298a8c6288548a76594c1e743f44) Importer(815301076,1909f56bfc062723c751e8b465ee728b)
Start importing Assets/Prefabs/TestHeavy.prefab using Guid(8695298a8c6288548a76594c1e743f44) Importer(815301076,1909f56bfc062723c751e8b465ee728b)  -> (artifact id: '0aa503554dc99460e2165cd29c157c62') in 0.010573 seconds
Number of updated asset objects reloaded before import = 0
Number of asset objects unloaded after import = 96
========================================================================
Received Prepare
Begin MonoManager ReloadAssembly
- Loaded All Assemblies, in  0.391 seconds
Refreshing native plugins compatible for Editor in 3.48 ms, found 3 plugins.
Native extension for WindowsStandalone target not found
Native extension for WebGL target not found
[Package Manager] Server::EnsureServerProcessIsRunning -- launch failed, reason: Unity was launched with the -noUpm command-line argument
[Package Manager] UpmClient::Send -- Unable to send message (not connected to UPM process).
[Package Manager] Cannot connect to Unity Package Manager local server
Mono: successfully reloaded assembly
- Finished resetting the current domain, in  0.871 seconds
Domain Reload Profiling: 1259ms
	BeginReloadAssembly (129ms)
		ExecutionOrderSort (0ms)
		DisableScriptedObjects (4ms)
		BackupInstance (0ms)
		ReleaseScriptingObjects (0ms)
		CreateAndSetChildDomain (31ms)
	RebuildCommonClasses (23ms)
	RebuildNativeTypeToScriptingClass (8ms)
	initialDomainReloadingComplete (24ms)
	LoadAllAssembliesAndSetupDomain (203ms)
		LoadAssemblies (259ms)
		RebuildTransferFunctionScriptingTraits (0ms)
		AnalyzeDomain (10ms)
			TypeCache.Refresh (5ms)
				TypeCache.ScanAssembly (0ms)
			ScanForSourceGeneratedMonoScriptInfo (0ms)
			ResolveRequiredComponents (4ms)
	FinalizeReload (871ms)
		ReleaseScriptCaches (0ms)
		RebuildScriptCaches (0ms)
		SetupLoadedEditorAssemblies (404ms)
			LogAssemblyErrors (0ms)
			InitializePlatformSupportModulesInManaged (7ms)
			SetLoadedEditorAssemblies (5ms)
			RefreshPlugins (0ms)
			BeforeProcessingInitializeOnLoad (84ms)
			ProcessInitializeOnLoadAttributes (286ms)
			ProcessInitializeOnLoadMethodAttributes (15ms)
			AfterProcessingInitializeOnLoad (8ms)
			EditorAssembliesLoaded (0ms)
		ExecutionOrderSort2 (0ms)
		AwakeInstancesAfterBackupRestoration (8ms)
Refreshing native plugins compatible for Editor in 3.54 ms, found 3 plugins.
Preloading 0 native plugins for Editor in 0.00 ms.
Unloading 3115 Unused Serialized files (Serialized files now loaded: 0)
Unloading 21 unused Assets / (29.6 KB). Loaded Objects now: 3649.
Memory consumption went from 122.4 MB to 122.3 MB.
Total: 3.185900 ms (FindLiveObjects: 0.254500 ms CreateObjectMapping: 0.122800 ms MarkObjects: 2.776200 ms  DeleteObjects: 0.031900 ms)

Prepare: number of updated asset objects reloaded= 0
AssetImportParameters requested are different than current active one (requested -> active):
  custom:container-demuxer-ogg: 62fdf1f143b41e24485cea50d1cbac27 -> 
  custom:video-codec-MediaFoundation-h265: 746d11721c4dcdbdad8f713fa42b33f4 -> 
  custom:video-decoder-ogg-theora: a1e56fd34408186e4bbccfd4996cb3dc -> 
  custom:framework-win-MediaFoundation: 216162199b28c13a410421893ffa2e32 -> 
  custom:CustomObjectIndexerAttribute: 756ad292c208cfabdd7b50bc23989ffe -> 
  custom:container-demuxer-webm: 4f35f7cbe854078d1ac9338744f61a02 -> 
  custom:container-muxer-webm: aa71ff27fc2769a1b78a27578f13a17b -> 
  custom:video-decoder-webm-vp8: 9c59270c3fd7afecdb556c50c9e8de78 -> 
  custom:SearchIndexIgnoredProperties: e643bd26f0fe6173181afceb89e7c659 -> 
  custom:AudioImporter_EditorPlatform: d09bf68614088b80899f8185d706f6e7 -> 
  custom:video-encoder-webm-vp8: eb34c28f22e8b96e1ab97ce403110664 -> 
  custom:audio-decoder-ogg-vorbis: bf7c407c2cedff20999df2af8eb42d56 -> 
  custom:audio-encoder-webm-vorbis: bf7c407c2cedff20999df2af8eb42d56 -> 
========================================================================
Received Import Request.
  Time since last request: 34.222124 seconds.
  path: Assets/Prefabs/TestHeavy.prefab
  artifactKey: Guid(8695298a8c6288548a76594c1e743f44) Importer(815301076,1909f56bfc062723c751e8b465ee728b)
Start importing Assets/Prefabs/TestHeavy.prefab using Guid(8695298a8c6288548a76594c1e743f44) Importer(815301076,1909f56bfc062723c751e8b465ee728b)  -> (artifact id: '21c98989e73d836ac7c2417f9ed1f815') in 0.061036 seconds
Number of updated asset objects reloaded before import = 0
Number of asset objects unloaded after import = 96
========================================================================
Received Import Request.
  Time since last request: 4.320267 seconds.
  path: Assets/Prefabs/TestHeavy.prefab
  artifactKey: Guid(8695298a8c6288548a76594c1e743f44) Importer(815301076,1909f56bfc062723c751e8b465ee728b)
Start importing Assets/Prefabs/TestHeavy.prefab using Guid(8695298a8c6288548a76594c1e743f44) Importer(815301076,1909f56bfc062723c751e8b465ee728b)  -> (artifact id: 'e9ec917f13b776b241de98df38117741') in 0.011563 seconds
Number of updated asset objects reloaded before import = 0
Number of asset objects unloaded after import = 96
========================================================================
Received Import Request.
  Time since last request: 9.051801 seconds.
  path: Assets/Prefabs/TestHeavy.prefab
  artifactKey: Guid(8695298a8c6288548a76594c1e743f44) Importer(815301076,1909f56bfc062723c751e8b465ee728b)
Start importing Assets/Prefabs/TestHeavy.prefab using Guid(8695298a8c6288548a76594c1e743f44) Importer(815301076,1909f56bfc062723c751e8b465ee728b)  -> (artifact id: 'a9c34ca042e4b3fafadb7ad797af7abd') in 0.011669 seconds
Number of updated asset objects reloaded before import = 0
Number of asset objects unloaded after import = 96
========================================================================
Received Import Request.
  Time since last request: 6.664075 seconds.
  path: Assets/Prefabs/TestHeavy.prefab
  artifactKey: Guid(8695298a8c6288548a76594c1e743f44) Importer(815301076,1909f56bfc062723c751e8b465ee728b)
Start importing Assets/Prefabs/TestHeavy.prefab using Guid(8695298a8c6288548a76594c1e743f44) Importer(815301076,1909f56bfc062723c751e8b465ee728b)  -> (artifact id: '001de6583f13a58a336034748eb60c3b') in 0.010927 seconds
Number of updated asset objects reloaded before import = 0
Number of asset objects unloaded after import = 96
========================================================================
Received Prepare
Begin MonoManager ReloadAssembly
- Loaded All Assemblies, in  0.385 seconds
Refreshing native plugins compatible for Editor in 3.09 ms, found 3 plugins.
Native extension for WindowsStandalone target not found
Native extension for WebGL target not found
[Package Manager] Server::EnsureServerProcessIsRunning -- launch failed, reason: Unity was launched with the -noUpm command-line argument
[Package Manager] UpmClient::Send -- Unable to send message (not connected to UPM process).
[Package Manager] Cannot connect to Unity Package Manager local server
Mono: successfully reloaded assembly
- Finished resetting the current domain, in  0.834 seconds
Domain Reload Profiling: 1216ms
	BeginReloadAssembly (129ms)
		ExecutionOrderSort (0ms)
		DisableScriptedObjects (4ms)
		BackupInstance (0ms)
		ReleaseScriptingObjects (0ms)
		CreateAndSetChildDomain (29ms)
	RebuildCommonClasses (25ms)
	RebuildNativeTypeToScriptingClass (8ms)
	initialDomainReloadingComplete (30ms)
	LoadAllAssembliesAndSetupDomain (189ms)
		LoadAssemblies (250ms)
		RebuildTransferFunctionScriptingTraits (0ms)
		AnalyzeDomain (8ms)
			TypeCache.Refresh (4ms)
				TypeCache.ScanAssembly (0ms)
			ScanForSourceGeneratedMonoScriptInfo (0ms)
			ResolveRequiredComponents (3ms)
	FinalizeReload (835ms)
		ReleaseScriptCaches (0ms)
		RebuildScriptCaches (0ms)
		SetupLoadedEditorAssemblies (399ms)
			LogAssemblyErrors (0ms)
			InitializePlatformSupportModulesInManaged (7ms)
			SetLoadedEditorAssemblies (4ms)
			RefreshPlugins (0ms)
			BeforeProcessingInitializeOnLoad (87ms)
			ProcessInitializeOnLoadAttributes (277ms)
			ProcessInitializeOnLoadMethodAttributes (15ms)
			AfterProcessingInitializeOnLoad (9ms)
			EditorAssembliesLoaded (0ms)
		ExecutionOrderSort2 (0ms)
		AwakeInstancesAfterBackupRestoration (5ms)
Refreshing native plugins compatible for Editor in 3.98 ms, found 3 plugins.
Preloading 0 native plugins for Editor in 0.00 ms.
Unloading 3115 Unused Serialized files (Serialized files now loaded: 0)
Unloading 21 unused Assets / (29.7 KB). Loaded Objects now: 3652.
Memory consumption went from 122.4 MB to 122.3 MB.
Total: 3.730400 ms (FindLiveObjects: 0.256300 ms CreateObjectMapping: 0.345300 ms MarkObjects: 3.092800 ms  DeleteObjects: 0.035300 ms)

Prepare: number of updated asset objects reloaded= 0
AssetImportParameters requested are different than current active one (requested -> active):
  custom:container-demuxer-ogg: 62fdf1f143b41e24485cea50d1cbac27 -> 
  custom:video-codec-MediaFoundation-h265: 746d11721c4dcdbdad8f713fa42b33f4 -> 
  custom:video-decoder-ogg-theora: a1e56fd34408186e4bbccfd4996cb3dc -> 
  custom:framework-win-MediaFoundation: 216162199b28c13a410421893ffa2e32 -> 
  custom:CustomObjectIndexerAttribute: 756ad292c208cfabdd7b50bc23989ffe -> 
  custom:container-demuxer-webm: 4f35f7cbe854078d1ac9338744f61a02 -> 
  custom:container-muxer-webm: aa71ff27fc2769a1b78a27578f13a17b -> 
  custom:video-decoder-webm-vp8: 9c59270c3fd7afecdb556c50c9e8de78 -> 
  custom:SearchIndexIgnoredProperties: e643bd26f0fe6173181afceb89e7c659 -> 
  custom:AudioImporter_EditorPlatform: d09bf68614088b80899f8185d706f6e7 -> 
  custom:video-encoder-webm-vp8: eb34c28f22e8b96e1ab97ce403110664 -> 
  custom:audio-decoder-ogg-vorbis: bf7c407c2cedff20999df2af8eb42d56 -> 
  custom:audio-encoder-webm-vorbis: bf7c407c2cedff20999df2af8eb42d56 -> 
========================================================================
Received Import Request.
  Time since last request: 210.856741 seconds.
  path: Assets/Prefabs/TestSmall.prefab
  artifactKey: Guid(95548e2cf41c465458c06d9513713685) Importer(815301076,1909f56bfc062723c751e8b465ee728b)
Start importing Assets/Prefabs/TestSmall.prefab using Guid(95548e2cf41c465458c06d9513713685) Importer(815301076,1909f56bfc062723c751e8b465ee728b)  -> (artifact id: '54c55ba750a03ba1201b375c3f789c78') in 0.070679 seconds
Number of updated asset objects reloaded before import = 0
Number of asset objects unloaded after import = 65
========================================================================
Received Import Request.
  Time since last request: 3.716465 seconds.
  path: Assets/Prefabs/TestSmall.prefab
  artifactKey: Guid(95548e2cf41c465458c06d9513713685) Importer(815301076,1909f56bfc062723c751e8b465ee728b)
Start importing Assets/Prefabs/TestSmall.prefab using Guid(95548e2cf41c465458c06d9513713685) Importer(815301076,1909f56bfc062723c751e8b465ee728b)  -> (artifact id: 'cc2a81105840c1ab4f870877b588c369') in 0.011405 seconds
Number of updated asset objects reloaded before import = 0
Number of asset objects unloaded after import = 65
========================================================================
Received Import Request.
  Time since last request: 3.410945 seconds.
  path: Assets/Prefabs/TestSmall.prefab
  artifactKey: Guid(95548e2cf41c465458c06d9513713685) Importer(815301076,1909f56bfc062723c751e8b465ee728b)
Start importing Assets/Prefabs/TestSmall.prefab using Guid(95548e2cf41c465458c06d9513713685) Importer(815301076,1909f56bfc062723c751e8b465ee728b)  -> (artifact id: 'ecbdb616b7e67f9161fca7341017bded') in 0.011845 seconds
Number of updated asset objects reloaded before import = 0
Number of asset objects unloaded after import = 65
========================================================================
Received Import Request.
  Time since last request: 1.388918 seconds.
  path: Assets/Prefabs/TestSmall.prefab
  artifactKey: Guid(95548e2cf41c465458c06d9513713685) Importer(815301076,1909f56bfc062723c751e8b465ee728b)
Start importing Assets/Prefabs/TestSmall.prefab using Guid(95548e2cf41c465458c06d9513713685) Importer(815301076,1909f56bfc062723c751e8b465ee728b)  -> (artifact id: '682052930a116179c2efa51bdbda073c') in 0.010110 seconds
Number of updated asset objects reloaded before import = 0
Number of asset objects unloaded after import = 10
========================================================================
Received Import Request.
  Time since last request: 4.089173 seconds.
  path: Assets/Prefabs/TestSmall.prefab
  artifactKey: Guid(95548e2cf41c465458c06d9513713685) Importer(815301076,1909f56bfc062723c751e8b465ee728b)
Start importing Assets/Prefabs/TestSmall.prefab using Guid(95548e2cf41c465458c06d9513713685) Importer(815301076,1909f56bfc062723c751e8b465ee728b)  -> (artifact id: '8d1a6f70618ad8eb0bd03eb3c39a16af') in 0.020443 seconds
Number of updated asset objects reloaded before import = 0
Number of asset objects unloaded after import = 96
========================================================================
Received Import Request.
  Time since last request: 8.230437 seconds.
  path: Assets/Prefabs/TestSmall.prefab
  artifactKey: Guid(95548e2cf41c465458c06d9513713685) Importer(815301076,1909f56bfc062723c751e8b465ee728b)
Start importing Assets/Prefabs/TestSmall.prefab using Guid(95548e2cf41c465458c06d9513713685) Importer(815301076,1909f56bfc062723c751e8b465ee728b)  -> (artifact id: '92ba07ba674aa18c7b38186e90f8d3b9') in 0.016508 seconds
Number of updated asset objects reloaded before import = 0
Number of asset objects unloaded after import = 96
========================================================================
Received Import Request.
  Time since last request: 2.196228 seconds.
  path: Assets/Prefabs/TestSmall.prefab
  artifactKey: Guid(95548e2cf41c465458c06d9513713685) Importer(815301076,1909f56bfc062723c751e8b465ee728b)
Start importing Assets/Prefabs/TestSmall.prefab using Guid(95548e2cf41c465458c06d9513713685) Importer(815301076,1909f56bfc062723c751e8b465ee728b)  -> (artifact id: '020b571f77613f4023cb86cd31383024') in 0.011575 seconds
Number of updated asset objects reloaded before import = 0
Number of asset objects unloaded after import = 96
========================================================================
Received Import Request.
  Time since last request: 2.208337 seconds.
  path: Assets/Prefabs/TestSmall.prefab
  artifactKey: Guid(95548e2cf41c465458c06d9513713685) Importer(815301076,1909f56bfc062723c751e8b465ee728b)
Start importing Assets/Prefabs/TestSmall.prefab using Guid(95548e2cf41c465458c06d9513713685) Importer(815301076,1909f56bfc062723c751e8b465ee728b)  -> (artifact id: '114267764192949f7424a74f0bdb9aa4') in 0.011264 seconds
Number of updated asset objects reloaded before import = 0
Number of asset objects unloaded after import = 96
========================================================================
Received Prepare
Begin MonoManager ReloadAssembly
- Loaded All Assemblies, in  0.397 seconds
Refreshing native plugins compatible for Editor in 3.68 ms, found 3 plugins.
Native extension for WindowsStandalone target not found
Native extension for WebGL target not found
[Package Manager] Server::EnsureServerProcessIsRunning -- launch failed, reason: Unity was launched with the -noUpm command-line argument
[Package Manager] UpmClient::Send -- Unable to send message (not connected to UPM process).
[Package Manager] Cannot connect to Unity Package Manager local server
Mono: successfully reloaded assembly
- Finished resetting the current domain, in  0.961 seconds
Domain Reload Profiling: 1355ms
	BeginReloadAssembly (132ms)
		ExecutionOrderSort (0ms)
		DisableScriptedObjects (4ms)
		BackupInstance (0ms)
		ReleaseScriptingObjects (0ms)
		CreateAndSetChildDomain (30ms)
	RebuildCommonClasses (23ms)
	RebuildNativeTypeToScriptingClass (8ms)
	initialDomainReloadingComplete (26ms)
	LoadAllAssembliesAndSetupDomain (205ms)
		LoadAssemblies (265ms)
		RebuildTransferFunctionScriptingTraits (0ms)
		AnalyzeDomain (10ms)
			TypeCache.Refresh (5ms)
				TypeCache.ScanAssembly (0ms)
			ScanForSourceGeneratedMonoScriptInfo (0ms)
			ResolveRequiredComponents (3ms)
	FinalizeReload (961ms)
		ReleaseScriptCaches (0ms)
		RebuildScriptCaches (0ms)
		SetupLoadedEditorAssemblies (463ms)
			LogAssemblyErrors (0ms)
			InitializePlatformSupportModulesInManaged (7ms)
			SetLoadedEditorAssemblies (5ms)
			RefreshPlugins (0ms)
			BeforeProcessingInitializeOnLoad (108ms)
			ProcessInitializeOnLoadAttributes (317ms)
			ProcessInitializeOnLoadMethodAttributes (17ms)
			AfterProcessingInitializeOnLoad (9ms)
			EditorAssembliesLoaded (0ms)
		ExecutionOrderSort2 (0ms)
		AwakeInstancesAfterBackupRestoration (7ms)
Refreshing native plugins compatible for Editor in 4.44 ms, found 3 plugins.
Preloading 0 native plugins for Editor in 0.00 ms.
Unloading 3115 Unused Serialized files (Serialized files now loaded: 0)
Unloading 21 unused Assets / (29.7 KB). Loaded Objects now: 3656.
Memory consumption went from 122.4 MB to 122.3 MB.
Total: 3.329300 ms (FindLiveObjects: 0.201400 ms CreateObjectMapping: 0.073900 ms MarkObjects: 3.018500 ms  DeleteObjects: 0.034800 ms)

Prepare: number of updated asset objects reloaded= 0
AssetImportParameters requested are different than current active one (requested -> active):
  custom:container-demuxer-ogg: 62fdf1f143b41e24485cea50d1cbac27 -> 
  custom:video-codec-MediaFoundation-h265: 746d11721c4dcdbdad8f713fa42b33f4 -> 
  custom:video-decoder-ogg-theora: a1e56fd34408186e4bbccfd4996cb3dc -> 
  custom:framework-win-MediaFoundation: 216162199b28c13a410421893ffa2e32 -> 
  custom:CustomObjectIndexerAttribute: 756ad292c208cfabdd7b50bc23989ffe -> 
  custom:container-demuxer-webm: 4f35f7cbe854078d1ac9338744f61a02 -> 
  custom:container-muxer-webm: aa71ff27fc2769a1b78a27578f13a17b -> 
  custom:video-decoder-webm-vp8: 9c59270c3fd7afecdb556c50c9e8de78 -> 
  custom:SearchIndexIgnoredProperties: e643bd26f0fe6173181afceb89e7c659 -> 
  custom:AudioImporter_EditorPlatform: d09bf68614088b80899f8185d706f6e7 -> 
  custom:video-encoder-webm-vp8: eb34c28f22e8b96e1ab97ce403110664 -> 
  custom:audio-decoder-ogg-vorbis: bf7c407c2cedff20999df2af8eb42d56 -> 
  custom:audio-encoder-webm-vorbis: bf7c407c2cedff20999df2af8eb42d56 -> 
========================================================================
Received Import Request.
  Time since last request: 20.714354 seconds.
  path: Assets/Prefabs/TestSmall.prefab
  artifactKey: Guid(95548e2cf41c465458c06d9513713685) Importer(815301076,1909f56bfc062723c751e8b465ee728b)
Start importing Assets/Prefabs/TestSmall.prefab using Guid(95548e2cf41c465458c06d9513713685) Importer(815301076,1909f56bfc062723c751e8b465ee728b)  -> (artifact id: '48fd06f94c8546019704b4dcda930c5c') in 0.067961 seconds
Number of updated asset objects reloaded before import = 0
Number of asset objects unloaded after import = 96
========================================================================
Received Import Request.
  Time since last request: 5.514168 seconds.
  path: Assets/Prefabs/TestSmall.prefab
  artifactKey: Guid(95548e2cf41c465458c06d9513713685) Importer(815301076,1909f56bfc062723c751e8b465ee728b)
Start importing Assets/Prefabs/TestSmall.prefab using Guid(95548e2cf41c465458c06d9513713685) Importer(815301076,1909f56bfc062723c751e8b465ee728b)  -> (artifact id: '79e504fd57569e0544b607a1876223ca') in 0.013292 seconds
Number of updated asset objects reloaded before import = 0
Number of asset objects unloaded after import = 96
========================================================================
Received Import Request.
  Time since last request: 13.573231 seconds.
  path: Assets/Prefabs/TestSmall.prefab
  artifactKey: Guid(95548e2cf41c465458c06d9513713685) Importer(815301076,1909f56bfc062723c751e8b465ee728b)
Start importing Assets/Prefabs/TestSmall.prefab using Guid(95548e2cf41c465458c06d9513713685) Importer(815301076,1909f56bfc062723c751e8b465ee728b)  -> (artifact id: '4178cf66a6a29ed57d3094d541071e50') in 0.012941 seconds
Number of updated asset objects reloaded before import = 0
Number of asset objects unloaded after import = 96
========================================================================
Received Import Request.
  Time since last request: 6.838226 seconds.
  path: Assets/Prefabs/TestSmall.prefab
  artifactKey: Guid(95548e2cf41c465458c06d9513713685) Importer(815301076,1909f56bfc062723c751e8b465ee728b)
Start importing Assets/Prefabs/TestSmall.prefab using Guid(95548e2cf41c465458c06d9513713685) Importer(815301076,1909f56bfc062723c751e8b465ee728b)  -> (artifact id: '36b9ce5107b1394977c3de1f8938d3c8') in 0.018050 seconds
Number of updated asset objects reloaded before import = 0
Number of asset objects unloaded after import = 96
========================================================================
Received Import Request.
  Time since last request: 5.022114 seconds.
  path: Assets/Prefabs/TestSmall.prefab
  artifactKey: Guid(95548e2cf41c465458c06d9513713685) Importer(815301076,1909f56bfc062723c751e8b465ee728b)
Start importing Assets/Prefabs/TestSmall.prefab using Guid(95548e2cf41c465458c06d9513713685) Importer(815301076,1909f56bfc062723c751e8b465ee728b)  -> (artifact id: 'd4c358b6c48b75fa6b558a3591dcf92e') in 0.011624 seconds
Number of updated asset objects reloaded before import = 0
Number of asset objects unloaded after import = 96
========================================================================
Received Import Request.
  Time since last request: 5.436015 seconds.
  path: Assets/Prefabs/TestSmall.prefab
  artifactKey: Guid(95548e2cf41c465458c06d9513713685) Importer(815301076,1909f56bfc062723c751e8b465ee728b)
Start importing Assets/Prefabs/TestSmall.prefab using Guid(95548e2cf41c465458c06d9513713685) Importer(815301076,1909f56bfc062723c751e8b465ee728b)  -> (artifact id: '356ec7ca70c1ae9c72b8e4f236254f8c') in 0.008054 seconds
Number of updated asset objects reloaded before import = 0
Number of asset objects unloaded after import = 96
========================================================================
Received Import Request.
  Time since last request: 258.006299 seconds.
  path: Assets/Prefabs/PlayerHeavy.prefab
  artifactKey: Guid(7faaebc47fc5af246808904aafd7b27c) Importer(815301076,1909f56bfc062723c751e8b465ee728b)
Start importing Assets/Prefabs/PlayerHeavy.prefab using Guid(7faaebc47fc5af246808904aafd7b27c) Importer(815301076,1909f56bfc062723c751e8b465ee728b)  -> (artifact id: '42e970293a862510cec6ccf897fc40f2') in 0.014367 seconds
Number of updated asset objects reloaded before import = 0
Number of asset objects unloaded after import = 210
========================================================================
Received Import Request.
  Time since last request: 7.445933 seconds.
  path: Assets/Prefabs/PlayerHeavy.prefab
  artifactKey: Guid(7faaebc47fc5af246808904aafd7b27c) Importer(815301076,1909f56bfc062723c751e8b465ee728b)
Start importing Assets/Prefabs/PlayerHeavy.prefab using Guid(7faaebc47fc5af246808904aafd7b27c) Importer(815301076,1909f56bfc062723c751e8b465ee728b)  -> (artifact id: '8128b8803851c34195981beaeca81245') in 0.021734 seconds
Number of updated asset objects reloaded before import = 0
Number of asset objects unloaded after import = 210
========================================================================
Received Import Request.
  Time since last request: 4.413492 seconds.
  path: Assets/Prefabs/PlayerHeavy.prefab
  artifactKey: Guid(7faaebc47fc5af246808904aafd7b27c) Importer(815301076,1909f56bfc062723c751e8b465ee728b)
Start importing Assets/Prefabs/PlayerHeavy.prefab using Guid(7faaebc47fc5af246808904aafd7b27c) Importer(815301076,1909f56bfc062723c751e8b465ee728b)  -> (artifact id: '9aaef2ec86b317ee1839ac95c028c87b') in 0.021719 seconds
Number of updated asset objects reloaded before import = 0
Number of asset objects unloaded after import = 210
========================================================================
Received Import Request.
  Time since last request: 2.593354 seconds.
  path: Assets/Prefabs/PlayerHeavy.prefab
  artifactKey: Guid(7faaebc47fc5af246808904aafd7b27c) Importer(815301076,1909f56bfc062723c751e8b465ee728b)
Start importing Assets/Prefabs/PlayerHeavy.prefab using Guid(7faaebc47fc5af246808904aafd7b27c) Importer(815301076,1909f56bfc062723c751e8b465ee728b)  -> (artifact id: 'c62d936caf3fbe0fff10e3bed0364172') in 0.017238 seconds
Number of updated asset objects reloaded before import = 0
Number of asset objects unloaded after import = 210
========================================================================
Received Import Request.
  Time since last request: 5.639226 seconds.
  path: Assets/Prefabs/PlayerHeavy.prefab
  artifactKey: Guid(7faaebc47fc5af246808904aafd7b27c) Importer(815301076,1909f56bfc062723c751e8b465ee728b)
Start importing Assets/Prefabs/PlayerHeavy.prefab using Guid(7faaebc47fc5af246808904aafd7b27c) Importer(815301076,1909f56bfc062723c751e8b465ee728b)  -> (artifact id: '98b0d1f225de1941995f1632b510f679') in 0.017179 seconds
Number of updated asset objects reloaded before import = 0
Number of asset objects unloaded after import = 210
========================================================================
Received Import Request.
  Time since last request: 4.220558 seconds.
  path: Assets/Prefabs/PlayerHeavy.prefab
  artifactKey: Guid(7faaebc47fc5af246808904aafd7b27c) Importer(815301076,1909f56bfc062723c751e8b465ee728b)
Start importing Assets/Prefabs/PlayerHeavy.prefab using Guid(7faaebc47fc5af246808904aafd7b27c) Importer(815301076,1909f56bfc062723c751e8b465ee728b)  -> (artifact id: '6e7feb1a9329dd1ecd80c5feaad4209c') in 0.014116 seconds
Number of updated asset objects reloaded before import = 0
Number of asset objects unloaded after import = 210
========================================================================
Received Import Request.
  Time since last request: 4.214203 seconds.
  path: Assets/Prefabs/PlayerHeavy.prefab
  artifactKey: Guid(7faaebc47fc5af246808904aafd7b27c) Importer(815301076,1909f56bfc062723c751e8b465ee728b)
Start importing Assets/Prefabs/PlayerHeavy.prefab using Guid(7faaebc47fc5af246808904aafd7b27c) Importer(815301076,1909f56bfc062723c751e8b465ee728b)  -> (artifact id: '6bdb77ae93ae8b213eabcab30caef9df') in 0.014852 seconds
Number of updated asset objects reloaded before import = 0
Number of asset objects unloaded after import = 210
========================================================================
Received Import Request.
  Time since last request: 2.205580 seconds.
  path: Assets/Prefabs/PlayerHeavy.prefab
  artifactKey: Guid(7faaebc47fc5af246808904aafd7b27c) Importer(815301076,1909f56bfc062723c751e8b465ee728b)
Start importing Assets/Prefabs/PlayerHeavy.prefab using Guid(7faaebc47fc5af246808904aafd7b27c) Importer(815301076,1909f56bfc062723c751e8b465ee728b)  -> (artifact id: '5b8413ae5a6987b334800331fe1f3ef7') in 0.019117 seconds
Number of updated asset objects reloaded before import = 0
Number of asset objects unloaded after import = 210
========================================================================
Received Import Request.
  Time since last request: 6.838577 seconds.
  path: Assets/Prefabs/PlayerHeavy.prefab
  artifactKey: Guid(7faaebc47fc5af246808904aafd7b27c) Importer(815301076,1909f56bfc062723c751e8b465ee728b)
Start importing Assets/Prefabs/PlayerHeavy.prefab using Guid(7faaebc47fc5af246808904aafd7b27c) Importer(815301076,1909f56bfc062723c751e8b465ee728b)  -> (artifact id: 'ed369a8fefbe9e9c07f5e24d2c3541d9') in 0.014469 seconds
Number of updated asset objects reloaded before import = 0
Number of asset objects unloaded after import = 210
========================================================================
Received Import Request.
  Time since last request: 2.997810 seconds.
  path: Assets/Prefabs/PlayerHeavy.prefab
  artifactKey: Guid(7faaebc47fc5af246808904aafd7b27c) Importer(815301076,1909f56bfc062723c751e8b465ee728b)
Start importing Assets/Prefabs/PlayerHeavy.prefab using Guid(7faaebc47fc5af246808904aafd7b27c) Importer(815301076,1909f56bfc062723c751e8b465ee728b)  -> (artifact id: '4b235ad5bbf20f829386fea9ddca6e28') in 0.015855 seconds
Number of updated asset objects reloaded before import = 0
Number of asset objects unloaded after import = 210
========================================================================
Received Import Request.
  Time since last request: 7.630503 seconds.
  path: Assets/Prefabs/PlayerHeavy.prefab
  artifactKey: Guid(7faaebc47fc5af246808904aafd7b27c) Importer(815301076,1909f56bfc062723c751e8b465ee728b)
Start importing Assets/Prefabs/PlayerHeavy.prefab using Guid(7faaebc47fc5af246808904aafd7b27c) Importer(815301076,1909f56bfc062723c751e8b465ee728b)  -> (artifact id: '030da91740921a5905eb8df0afeef494') in 0.016797 seconds
Number of updated asset objects reloaded before import = 0
Number of asset objects unloaded after import = 210
========================================================================
Received Import Request.
  Time since last request: 3.818326 seconds.
  path: Assets/Prefabs/PlayerHeavy.prefab
  artifactKey: Guid(7faaebc47fc5af246808904aafd7b27c) Importer(815301076,1909f56bfc062723c751e8b465ee728b)
Start importing Assets/Prefabs/PlayerHeavy.prefab using Guid(7faaebc47fc5af246808904aafd7b27c) Importer(815301076,1909f56bfc062723c751e8b465ee728b)  -> (artifact id: 'c66adcc5c0a6b3f2e9d177dbc849ddb4') in 0.009180 seconds
Number of updated asset objects reloaded before import = 0
Number of asset objects unloaded after import = 210
========================================================================
Received Import Request.
  Time since last request: 150.470749 seconds.
  path: Assets/Prefabs/TestPlayerSmall.prefab
  artifactKey: Guid(f4ad67f14ff3d9543977c2c9701f9359) Importer(815301076,1909f56bfc062723c751e8b465ee728b)
Start importing Assets/Prefabs/TestPlayerSmall.prefab using Guid(f4ad67f14ff3d9543977c2c9701f9359) Importer(815301076,1909f56bfc062723c751e8b465ee728b)  -> (artifact id: '0093bd43862a4d6f18080aa7f7de87dc') in 0.016036 seconds
Number of updated asset objects reloaded before import = 0
Number of asset objects unloaded after import = 66
========================================================================
Received Import Request.
  Time since last request: 9.437908 seconds.
  path: Assets/Prefabs/TestPlayerSmall.prefab
  artifactKey: Guid(f4ad67f14ff3d9543977c2c9701f9359) Importer(815301076,1909f56bfc062723c751e8b465ee728b)
Start importing Assets/Prefabs/TestPlayerSmall.prefab using Guid(f4ad67f14ff3d9543977c2c9701f9359) Importer(815301076,1909f56bfc062723c751e8b465ee728b)  -> (artifact id: '7370de7cfe1b81e219083677a37fad97') in 0.006746 seconds
Number of updated asset objects reloaded before import = 0
Number of asset objects unloaded after import = 66
========================================================================
Received Import Request.
  Time since last request: 2.421927 seconds.
  path: Assets/Prefabs/TestPlayerSmall.prefab
  artifactKey: Guid(f4ad67f14ff3d9543977c2c9701f9359) Importer(815301076,1909f56bfc062723c751e8b465ee728b)
Start importing Assets/Prefabs/TestPlayerSmall.prefab using Guid(f4ad67f14ff3d9543977c2c9701f9359) Importer(815301076,1909f56bfc062723c751e8b465ee728b)  -> (artifact id: '3c485b1a227f91f6193aa73f58a85b75') in 0.008958 seconds
Number of updated asset objects reloaded before import = 0
Number of asset objects unloaded after import = 66
========================================================================
Received Import Request.
  Time since last request: 1.198041 seconds.
  path: Assets/Prefabs/TestPlayerSmall.prefab
  artifactKey: Guid(f4ad67f14ff3d9543977c2c9701f9359) Importer(815301076,1909f56bfc062723c751e8b465ee728b)
Start importing Assets/Prefabs/TestPlayerSmall.prefab using Guid(f4ad67f14ff3d9543977c2c9701f9359) Importer(815301076,1909f56bfc062723c751e8b465ee728b)  -> (artifact id: 'e9824887f3a591a2cec382e95aed745b') in 0.006943 seconds
Number of updated asset objects reloaded before import = 0
Number of asset objects unloaded after import = 66
========================================================================
Received Import Request.
  Time since last request: 6.039835 seconds.
  path: Assets/Prefabs/TestPlayerSmall.prefab
  artifactKey: Guid(f4ad67f14ff3d9543977c2c9701f9359) Importer(815301076,1909f56bfc062723c751e8b465ee728b)
Start importing Assets/Prefabs/TestPlayerSmall.prefab using Guid(f4ad67f14ff3d9543977c2c9701f9359) Importer(815301076,1909f56bfc062723c751e8b465ee728b)  -> (artifact id: '0941d8fe4ab0fa7e82576eba29475978') in 0.011681 seconds
Number of updated asset objects reloaded before import = 0
Number of asset objects unloaded after import = 66
========================================================================
Received Import Request.
  Time since last request: 9.458921 seconds.
  path: Assets/Prefabs/TestPlayerSmall.prefab
  artifactKey: Guid(f4ad67f14ff3d9543977c2c9701f9359) Importer(815301076,1909f56bfc062723c751e8b465ee728b)
Start importing Assets/Prefabs/TestPlayerSmall.prefab using Guid(f4ad67f14ff3d9543977c2c9701f9359) Importer(815301076,1909f56bfc062723c751e8b465ee728b)  -> (artifact id: '2ea03597cc7ae12297d768910a96e2a4') in 0.012070 seconds
Number of updated asset objects reloaded before import = 0
Number of asset objects unloaded after import = 66
========================================================================
Received Import Request.
  Time since last request: 4.420372 seconds.
  path: Assets/Prefabs/TestPlayerSmall.prefab
  artifactKey: Guid(f4ad67f14ff3d9543977c2c9701f9359) Importer(815301076,1909f56bfc062723c751e8b465ee728b)
Start importing Assets/Prefabs/TestPlayerSmall.prefab using Guid(f4ad67f14ff3d9543977c2c9701f9359) Importer(815301076,1909f56bfc062723c751e8b465ee728b)  -> (artifact id: '0f02a23b2c80299781ed4cbab93df7e2') in 0.012637 seconds
Number of updated asset objects reloaded before import = 0
Number of asset objects unloaded after import = 66
========================================================================
Received Import Request.
  Time since last request: 2.413428 seconds.
  path: Assets/Prefabs/TestPlayerSmall.prefab
  artifactKey: Guid(f4ad67f14ff3d9543977c2c9701f9359) Importer(815301076,1909f56bfc062723c751e8b465ee728b)
Start importing Assets/Prefabs/TestPlayerSmall.prefab using Guid(f4ad67f14ff3d9543977c2c9701f9359) Importer(815301076,1909f56bfc062723c751e8b465ee728b)  -> (artifact id: 'fd6b71a15a5d91c2cabd17cf2605baa9') in 0.014874 seconds
Number of updated asset objects reloaded before import = 0
Number of asset objects unloaded after import = 66
========================================================================
Received Import Request.
  Time since last request: 6.823925 seconds.
  path: Assets/Prefabs/TestPlayerSmall.prefab
  artifactKey: Guid(f4ad67f14ff3d9543977c2c9701f9359) Importer(815301076,1909f56bfc062723c751e8b465ee728b)
Start importing Assets/Prefabs/TestPlayerSmall.prefab using Guid(f4ad67f14ff3d9543977c2c9701f9359) Importer(815301076,1909f56bfc062723c751e8b465ee728b)  -> (artifact id: 'f7705a599ba453325fc78540d85e80e0') in 0.012574 seconds
Number of updated asset objects reloaded before import = 0
Number of asset objects unloaded after import = 66
========================================================================
Received Import Request.
  Time since last request: 8.450492 seconds.
  path: Assets/Prefabs/TestPlayerSmall.prefab
  artifactKey: Guid(f4ad67f14ff3d9543977c2c9701f9359) Importer(815301076,1909f56bfc062723c751e8b465ee728b)
Start importing Assets/Prefabs/TestPlayerSmall.prefab using Guid(f4ad67f14ff3d9543977c2c9701f9359) Importer(815301076,1909f56bfc062723c751e8b465ee728b)  -> (artifact id: '80d15902bef7da6143511e8107e8d501') in 0.011779 seconds
Number of updated asset objects reloaded before import = 0
Number of asset objects unloaded after import = 66
========================================================================
Received Import Request.
  Time since last request: 4.421699 seconds.
  path: Assets/Prefabs/TestPlayerSmall.prefab
  artifactKey: Guid(f4ad67f14ff3d9543977c2c9701f9359) Importer(815301076,1909f56bfc062723c751e8b465ee728b)
Start importing Assets/Prefabs/TestPlayerSmall.prefab using Guid(f4ad67f14ff3d9543977c2c9701f9359) Importer(815301076,1909f56bfc062723c751e8b465ee728b)  -> (artifact id: 'c66291cc044d102ff4645450c113b1a1') in 0.007556 seconds
Number of updated asset objects reloaded before import = 0
Number of asset objects unloaded after import = 66
========================================================================
Received Import Request.
  Time since last request: 2.417554 seconds.
  path: Assets/Prefabs/TestPlayerSmall.prefab
  artifactKey: Guid(f4ad67f14ff3d9543977c2c9701f9359) Importer(815301076,1909f56bfc062723c751e8b465ee728b)
Start importing Assets/Prefabs/TestPlayerSmall.prefab using Guid(f4ad67f14ff3d9543977c2c9701f9359) Importer(815301076,1909f56bfc062723c751e8b465ee728b)  -> (artifact id: 'dd6fdca7c02a56fa25256df43d0d5bc0') in 0.010304 seconds
Number of updated asset objects reloaded before import = 0
Number of asset objects unloaded after import = 66
========================================================================
Received Import Request.
  Time since last request: 9.918514 seconds.
  path: Assets/Prefabs/TestPlayerSmall.prefab
  artifactKey: Guid(f4ad67f14ff3d9543977c2c9701f9359) Importer(815301076,1909f56bfc062723c751e8b465ee728b)
Start importing Assets/Prefabs/TestPlayerSmall.prefab using Guid(f4ad67f14ff3d9543977c2c9701f9359) Importer(815301076,1909f56bfc062723c751e8b465ee728b)  -> (artifact id: '24e671835b74eff48872855d3ddc0206') in 0.008427 seconds
Number of updated asset objects reloaded before import = 0
Number of asset objects unloaded after import = 66
========================================================================
Received Prepare
Begin MonoManager ReloadAssembly
- Loaded All Assemblies, in  0.386 seconds
Refreshing native plugins compatible for Editor in 3.83 ms, found 3 plugins.
Native extension for WindowsStandalone target not found
Native extension for WebGL target not found
[Package Manager] Server::EnsureServerProcessIsRunning -- launch failed, reason: Unity was launched with the -noUpm command-line argument
[Package Manager] UpmClient::Send -- Unable to send message (not connected to UPM process).
[Package Manager] Cannot connect to Unity Package Manager local server
Mono: successfully reloaded assembly
- Finished resetting the current domain, in  0.925 seconds
Domain Reload Profiling: 1309ms
	BeginReloadAssembly (130ms)
		ExecutionOrderSort (0ms)
		DisableScriptedObjects (4ms)
		BackupInstance (0ms)
		ReleaseScriptingObjects (0ms)
		CreateAndSetChildDomain (31ms)
	RebuildCommonClasses (30ms)
	RebuildNativeTypeToScriptingClass (8ms)
	initialDomainReloadingComplete (25ms)
	LoadAllAssembliesAndSetupDomain (190ms)
		LoadAssemblies (248ms)
		RebuildTransferFunctionScriptingTraits (0ms)
		AnalyzeDomain (9ms)
			TypeCache.Refresh (5ms)
				TypeCache.ScanAssembly (0ms)
			ScanForSourceGeneratedMonoScriptInfo (0ms)
			ResolveRequiredComponents (3ms)
	FinalizeReload (926ms)
		ReleaseScriptCaches (0ms)
		RebuildScriptCaches (0ms)
		SetupLoadedEditorAssemblies (462ms)
			LogAssemblyErrors (0ms)
			InitializePlatformSupportModulesInManaged (9ms)
			SetLoadedEditorAssemblies (5ms)
			RefreshPlugins (0ms)
			BeforeProcessingInitializeOnLoad (106ms)
			ProcessInitializeOnLoadAttributes (313ms)
			ProcessInitializeOnLoadMethodAttributes (20ms)
			AfterProcessingInitializeOnLoad (9ms)
			EditorAssembliesLoaded (0ms)
		ExecutionOrderSort2 (0ms)
		AwakeInstancesAfterBackupRestoration (6ms)
Refreshing native plugins compatible for Editor in 4.48 ms, found 3 plugins.
Preloading 0 native plugins for Editor in 0.00 ms.
Unloading 3115 Unused Serialized files (Serialized files now loaded: 0)
Unloading 21 unused Assets / (29.7 KB). Loaded Objects now: 3659.
Memory consumption went from 122.4 MB to 122.4 MB.
Total: 2.858400 ms (FindLiveObjects: 0.226800 ms CreateObjectMapping: 0.075400 ms MarkObjects: 2.519600 ms  DeleteObjects: 0.035900 ms)

Prepare: number of updated asset objects reloaded= 0
AssetImportParameters requested are different than current active one (requested -> active):
  custom:container-demuxer-ogg: 62fdf1f143b41e24485cea50d1cbac27 -> 
  custom:video-codec-MediaFoundation-h265: 746d11721c4dcdbdad8f713fa42b33f4 -> 
  custom:video-decoder-ogg-theora: a1e56fd34408186e4bbccfd4996cb3dc -> 
  custom:framework-win-MediaFoundation: 216162199b28c13a410421893ffa2e32 -> 
  custom:CustomObjectIndexerAttribute: 756ad292c208cfabdd7b50bc23989ffe -> 
  custom:container-demuxer-webm: 4f35f7cbe854078d1ac9338744f61a02 -> 
  custom:container-muxer-webm: aa71ff27fc2769a1b78a27578f13a17b -> 
  custom:video-decoder-webm-vp8: 9c59270c3fd7afecdb556c50c9e8de78 -> 
  custom:SearchIndexIgnoredProperties: e643bd26f0fe6173181afceb89e7c659 -> 
  custom:AudioImporter_EditorPlatform: d09bf68614088b80899f8185d706f6e7 -> 
  custom:video-encoder-webm-vp8: eb34c28f22e8b96e1ab97ce403110664 -> 
  custom:audio-decoder-ogg-vorbis: bf7c407c2cedff20999df2af8eb42d56 -> 
  custom:audio-encoder-webm-vorbis: bf7c407c2cedff20999df2af8eb42d56 -> 
